<?xml version="1.0" encoding="UTF-8"?>
<!-- Generated by org.testng.reporters.JUnitReportReporter -->
<testsuite hostname="DESKTOP-SL5JICU" failures="0" tests="1" name="Rest_Task.generateAccessToken" time="2.411" errors="0" timestamp="2024-09-08T22:34:20 EEST" skipped="0">
  <testcase classname="Rest_Task.generateAccessToken" name="submitOrder" time="2.411"/>
  <system-out/>
</testsuite> <!-- Rest_Task.generateAccessToken -->
