<?xml version="1.0" encoding="UTF-8"?>
<!-- Generated by org.testng.reporters.JUnitReportReporter -->
<testsuite hostname="DESKTOP-SL5JICU" failures="0" tests="1" name="Rest_Task.patchMethod" time="2.442" errors="0" timestamp="2024-09-08T23:12:52 EEST" skipped="0">
  <testcase classname="Rest_Task.patchMethod" name="updateOrder" time="2.442"/>
  <system-out/>
</testsuite> <!-- Rest_Task.patchMethod -->
