<?xml version="1.0" encoding="UTF-8"?>
<!-- Generated by org.testng.reporters.JUnitReportReporter -->
<testsuite hostname="DESKTOP-SL5JICU" failures="0" tests="1" name="Rest_Task.rest_ejada" time="3.147" errors="0" timestamp="2024-09-08T04:57:06 EEST" skipped="0">
  <testcase classname="Rest_Task.rest_ejada" name="validate_response_code" time="3.147"/>
  <system-out/>
</testsuite> <!-- Rest_Task.rest_ejada -->
