<?xml version="1.0" encoding="UTF-8"?>
<!-- Generated by org.testng.reporters.JUnitReportReporter -->
<testsuite hostname="DESKTOP-SL5JICU" failures="0" tests="1" name="Rest_Task.getMethod" time="2.922" errors="0" timestamp="2024-09-08T22:09:17 EEST" skipped="0">
  <testcase classname="Rest_Task.getMethod" name="getAllBooks" time="2.922"/>
  <system-out/>
</testsuite> <!-- Rest_Task.getMethod -->
