<?xml version="1.0" encoding="UTF-8"?>
<!-- Generated by org.testng.reporters.JUnitReportReporter -->
<testsuite hostname="DESKTOP-SL5JICU" failures="0" tests="1" name="Rest_Task.postMethod" time="2.591" errors="0" timestamp="2024-09-08T23:13:18 EEST" skipped="0">
  <testcase classname="Rest_Task.postMethod" name="submitOrder" time="2.591"/>
  <system-out/>
</testsuite> <!-- Rest_Task.postMethod -->
