<?xml version="1.0" encoding="UTF-8"?>
<!-- Generated by org.testng.reporters.JUnitReportReporter -->
<testsuite hostname="DESKTOP-SL5JICU" failures="0" tests="1" name="Rest_Task.deleteMethod" time="2.385" errors="0" timestamp="2024-09-08T23:13:05 EEST" skipped="0">
  <testcase classname="Rest_Task.deleteMethod" name="cancelOrder" time="2.385"/>
  <system-out/>
</testsuite> <!-- Rest_Task.deleteMethod -->
